<?xml version="1.0" encoding="UTF-8"?>
<testng-results ignored="0" total="1" passed="1" failed="0" skipped="0">
  <reporter-output>
  </reporter-output>
  <suite started-at="2022-12-18T22:57:43 IST" name="Default suite" finished-at="2022-12-18T22:57:49 IST" duration-ms="6302">
    <groups>
    </groups>
    <test started-at="2022-12-18T22:57:43 IST" name="Default test" finished-at="2022-12-18T22:57:49 IST" duration-ms="6302">
      <class name="javaPackage.Dropdown2">
        <test-method signature="abc()[pri:0, instance:javaPackage.Dropdown2@4dbb42b7]" started-at="2022-12-18T22:57:43 IST" name="abc" finished-at="2022-12-18T22:57:49 IST" duration-ms="6271" status="PASS">
          <reporter-output>
          </reporter-output>
        </test-method> <!-- abc -->
      </class> <!-- javaPackage.Dropdown2 -->
    </test> <!-- Default test -->
  </suite> <!-- Default suite -->
</testng-results>
