<?xml version="1.0" encoding="UTF-8"?>
<testng-results ignored="0" total="1" passed="1" failed="0" skipped="0">
  <reporter-output>
  </reporter-output>
  <suite started-at="2022-10-20T09:56:32Z" name="Default suite" finished-at="2022-10-20T09:56:32Z" duration-ms="33">
    <groups>
    </groups>
    <test started-at="2022-10-20T09:56:32Z" name="Default test" finished-at="2022-10-20T09:56:32Z" duration-ms="33">
      <class name="maventests.mavenatest1">
        <test-method signature="a()[pri:0, instance:maventests.mavenatest1@10f7f7de]" started-at="2022-10-20T09:56:32Z" name="a" finished-at="2022-10-20T09:56:32Z" duration-ms="7" status="PASS">
          <reporter-output>
          </reporter-output>
        </test-method> <!-- a -->
      </class> <!-- maventests.mavenatest1 -->
    </test> <!-- Default test -->
  </suite> <!-- Default suite -->
</testng-results>
