<?xml version="1.0" encoding="UTF-8"?>
<!-- Generated by org.testng.reporters.JUnitXMLReporter -->
<testsuite hostname="Shubhangi" failures="0" tests="3" name="Default test" time="8.007" errors="0" timestamp="18 Dec 2022 18:08:48 GMT">
  <testcase classname="com.faceboook.testcases.LoginPageTest" name="loginPageTitle" time="0.012"/>
  <testcase classname="com.faceboook.testcases.LoginPageTest" name="logoTest" time="0.043"/>
  <testcase classname="com.faceboook.testcases.LoginPageTest" name="loginTest" time="0.185"/>
</testsuite> <!-- Default test -->
