<?xml version="1.0" encoding="UTF-8"?>
<!-- Generated by org.testng.reporters.JUnitXMLReporter -->
<testsuite ignored="2" hostname="Shubhangi" failures="0" tests="2" name="Test" time="0.039" errors="0" timestamp="2022-11-16T14:53:53 IST">
  <testcase classname="javaPackage.TestNG3" name="f" time="0.006">
    <skipped/>
  </testcase> <!-- f -->
  <testcase classname="javaPackage.TestNG3" name="h" time="0.001"/>
  <testcase classname="javaPackage.TestNG3" name="a" time="0.0">
    <ignored/>
  </testcase> <!-- a -->
  <testcase classname="javaPackage.TestNG3" name="b" time="0.0">
    <ignored/>
  </testcase> <!-- b -->
</testsuite> <!-- Test -->
