<?xml version="1.0" encoding="UTF-8"?>
<testng-results total="3" passed="3" failed="0" skipped="0">
  <reporter-output>
  </reporter-output>
  <suite started-at="2022-12-18T18:08:40Z" name="Default suite" finished-at="2022-12-18T18:08:48Z" duration-ms="8007">
    <groups>
    </groups>
    <test started-at="2022-12-18T18:08:40Z" name="Default test" finished-at="2022-12-18T18:08:48Z" duration-ms="8007">
      <class name="com.faceboook.testcases.LoginPageTest">
        <test-method is-config="true" signature="setup()[pri:0, instance:com.faceboook.testcases.LoginPageTest@5e3d57c7]" started-at="2022-12-18T23:38:40Z" name="setup" finished-at="2022-12-18T23:38:44Z" duration-ms="3358" status="PASS">
          <reporter-output>
          </reporter-output>
        </test-method> <!-- setup -->
        <test-method signature="loginPageTitle()[pri:1, instance:com.faceboook.testcases.LoginPageTest@5e3d57c7]" started-at="2022-12-18T23:38:44Z" name="loginPageTitle" finished-at="2022-12-18T23:38:44Z" duration-ms="12" status="PASS">
          <reporter-output>
          </reporter-output>
        </test-method> <!-- loginPageTitle -->
        <test-method is-config="true" signature="tearDown()[pri:0, instance:com.faceboook.testcases.LoginPageTest@5e3d57c7]" started-at="2022-12-18T23:38:44Z" name="tearDown" finished-at="2022-12-18T23:38:44Z" duration-ms="184" status="PASS">
          <reporter-output>
          </reporter-output>
        </test-method> <!-- tearDown -->
        <test-method is-config="true" signature="setup()[pri:0, instance:com.faceboook.testcases.LoginPageTest@5e3d57c7]" started-at="2022-12-18T23:38:44Z" name="setup" finished-at="2022-12-18T23:38:46Z" duration-ms="1931" status="PASS">
          <reporter-output>
          </reporter-output>
        </test-method> <!-- setup -->
        <test-method signature="logoTest()[pri:2, instance:com.faceboook.testcases.LoginPageTest@5e3d57c7]" started-at="2022-12-18T23:38:46Z" name="logoTest" finished-at="2022-12-18T23:38:46Z" duration-ms="43" status="PASS">
          <reporter-output>
          </reporter-output>
        </test-method> <!-- logoTest -->
        <test-method is-config="true" signature="tearDown()[pri:0, instance:com.faceboook.testcases.LoginPageTest@5e3d57c7]" started-at="2022-12-18T23:38:46Z" name="tearDown" finished-at="2022-12-18T23:38:46Z" duration-ms="149" status="PASS">
          <reporter-output>
          </reporter-output>
        </test-method> <!-- tearDown -->
        <test-method is-config="true" signature="setup()[pri:0, instance:com.faceboook.testcases.LoginPageTest@5e3d57c7]" started-at="2022-12-18T23:38:46Z" name="setup" finished-at="2022-12-18T23:38:48Z" duration-ms="1973" status="PASS">
          <reporter-output>
          </reporter-output>
        </test-method> <!-- setup -->
        <test-method signature="loginTest()[pri:3, instance:com.faceboook.testcases.LoginPageTest@5e3d57c7]" started-at="2022-12-18T23:38:48Z" name="loginTest" finished-at="2022-12-18T23:38:48Z" duration-ms="185" status="PASS">
          <reporter-output>
          </reporter-output>
        </test-method> <!-- loginTest -->
        <test-method is-config="true" signature="tearDown()[pri:0, instance:com.faceboook.testcases.LoginPageTest@5e3d57c7]" started-at="2022-12-18T23:38:48Z" name="tearDown" finished-at="2022-12-18T23:38:48Z" duration-ms="157" status="PASS">
          <reporter-output>
          </reporter-output>
        </test-method> <!-- tearDown -->
      </class> <!-- com.faceboook.testcases.LoginPageTest -->
    </test> <!-- Default test -->
  </suite> <!-- Default suite -->
</testng-results>
