<?xml version="1.0" encoding="UTF-8"?>
<testng-results ignored="0" total="3" passed="3" failed="0" skipped="0">
  <reporter-output>
  </reporter-output>
  <suite started-at="2022-12-05T00:14:07 IST" name="Default suite" finished-at="2022-12-05T00:14:07 IST" duration-ms="55">
    <groups>
    </groups>
    <test started-at="2022-12-05T00:14:07 IST" name="Default test" finished-at="2022-12-05T00:14:07 IST" duration-ms="55">
      <class name="TestNGtry">
        <test-method is-config="true" signature="d()[pri:0, instance:TestNGtry@1e683a3e]" started-at="2022-12-05T00:14:07 IST" name="d" finished-at="2022-12-05T00:14:07 IST" duration-ms="7" status="PASS">
          <reporter-output>
          </reporter-output>
        </test-method> <!-- d -->
        <test-method is-config="true" signature="t()[pri:0, instance:TestNGtry@1e683a3e]" started-at="2022-12-05T00:14:07 IST" name="t" finished-at="2022-12-05T00:14:07 IST" duration-ms="1" status="PASS">
          <reporter-output>
          </reporter-output>
        </test-method> <!-- t -->
        <test-method is-config="true" signature="c()[pri:0, instance:TestNGtry@1e683a3e]" started-at="2022-12-05T00:14:07 IST" name="c" finished-at="2022-12-05T00:14:07 IST" duration-ms="0" status="PASS">
          <reporter-output>
          </reporter-output>
        </test-method> <!-- c -->
        <test-method is-config="true" signature="e()[pri:0, instance:TestNGtry@1e683a3e]" started-at="2022-12-05T00:14:07 IST" name="e" finished-at="2022-12-05T00:14:07 IST" duration-ms="0" status="PASS">
          <reporter-output>
          </reporter-output>
        </test-method> <!-- e -->
        <test-method signature="a1()[pri:0, instance:TestNGtry@1e683a3e]" started-at="2022-12-05T00:14:07 IST" name="a1" finished-at="2022-12-05T00:14:07 IST" duration-ms="11" status="PASS">
          <reporter-output>
          </reporter-output>
        </test-method> <!-- a1 -->
        <test-method is-config="true" signature="k()[pri:0, instance:TestNGtry@1e683a3e]" started-at="2022-12-05T00:14:07 IST" name="k" finished-at="2022-12-05T00:14:07 IST" duration-ms="0" status="PASS">
          <reporter-output>
          </reporter-output>
        </test-method> <!-- k -->
        <test-method is-config="true" signature="e()[pri:0, instance:TestNGtry@1e683a3e]" started-at="2022-12-05T00:14:07 IST" name="e" finished-at="2022-12-05T00:14:07 IST" duration-ms="1" status="PASS">
          <reporter-output>
          </reporter-output>
        </test-method> <!-- e -->
        <test-method signature="a2()[pri:0, instance:TestNGtry@1e683a3e]" started-at="2022-12-05T00:14:07 IST" name="a2" finished-at="2022-12-05T00:14:07 IST" duration-ms="1" status="PASS">
          <reporter-output>
          </reporter-output>
        </test-method> <!-- a2 -->
        <test-method is-config="true" signature="k()[pri:0, instance:TestNGtry@1e683a3e]" started-at="2022-12-05T00:14:07 IST" name="k" finished-at="2022-12-05T00:14:07 IST" duration-ms="0" status="PASS">
          <reporter-output>
          </reporter-output>
        </test-method> <!-- k -->
        <test-method signature="a3()[pri:0, instance:TestNGtry@1e683a3e]" started-at="2022-12-05T00:14:07 IST" name="a3" finished-at="2022-12-05T00:14:07 IST" duration-ms="1" status="PASS">
          <reporter-output>
          </reporter-output>
        </test-method> <!-- a3 -->
        <test-method is-config="true" signature="e()[pri:0, instance:TestNGtry@1e683a3e]" started-at="2022-12-05T00:14:07 IST" name="e" finished-at="2022-12-05T00:14:07 IST" duration-ms="0" status="PASS">
          <reporter-output>
          </reporter-output>
        </test-method> <!-- e -->
        <test-method is-config="true" signature="k()[pri:0, instance:TestNGtry@1e683a3e]" started-at="2022-12-05T00:14:07 IST" name="k" finished-at="2022-12-05T00:14:07 IST" duration-ms="0" status="PASS">
          <reporter-output>
          </reporter-output>
        </test-method> <!-- k -->
        <test-method is-config="true" signature="s()[pri:0, instance:TestNGtry@1e683a3e]" started-at="2022-12-05T00:14:07 IST" name="s" finished-at="2022-12-05T00:14:07 IST" duration-ms="2" status="PASS">
          <reporter-output>
          </reporter-output>
        </test-method> <!-- s -->
      </class> <!-- TestNGtry -->
    </test> <!-- Default test -->
  </suite> <!-- Default suite -->
</testng-results>
